<?xml version="1.0"?>
<component name="test-media-asset-service-mapping" version="1.0">

    <require>nuxeo.media.asset.service</require>

    <extension target="org.nuxeo.ecm.core.schema.TypeService"
      point="doctype">
 	   <doctype name="FileWithAsset" extends="File">
    </doctype>
   
   </extension>

   <extension point="configuration" target="org.nuxeo.runtime.ConfigurationService">
        <property name="nuxeo.media.asset.service.default.filter.name">
            nuxeo.media.asset.service.default.filter.test
        </property>
    </extension>

    <extension point="filters" target="org.nuxeo.ecm.platform.actions.ActionService">
        <filter id="nuxeo.media.asset.service.default.filter.test">
            <rule grant="true">
                <type>FileWithAsset</type>
            </rule>
        </filter>
    </extension>

    

</component>