<?xml version="1.0"?>
<component name="test-media-asset-service-with-custom-folder" version="1.0">

    <extension point="doctype" target="org.nuxeo.ecm.core.schema.TypeService">
        <doctype extends="Document" name="CustomFolder">
            <facet name="Folderish"/>
            <schema name="dublincore"/>
        </doctype>
    </extension>

    <extension point="types" target="org.nuxeo.ecm.platform.types.TypeService">
        <type id="CustomFolder">
            <subtypes>
                <type>File</type>
                <type>Picture</type>
            </subtypes>
        </type>
    </extension>

</component>