<?xml version="1.0"?>
<component name="test-media-asset-service-filter" version="1.0">

    <require>nuxeo.media.asset.service</require>

    <extension target="org.nuxeo.ecm.core.schema.TypeService"
               point="facet">
        <facet name="Asset"/>
    </extension>

    <extension target="org.nuxeo.ecm.core.schema.TypeService"
               point="doctype">
        <doctype name="FileWithAsset" extends="File">
            <facet name="Asset"/>
        </doctype>
    </extension>

    <extension point="configuration" target="org.nuxeo.runtime.ConfigurationService">
        <property name="nuxeo.media.asset.service.default.filter.name" override="true">
            custom.doc.filter
        </property>
    </extension>

    <extension point="filters" target="org.nuxeo.ecm.platform.actions.ActionService">
        <filter id="custom.doc.filter">
            <rule grant="true">
                <facet>Asset</facet>
            </rule>
        </filter>
    </extension>

</component>